  Problem2.cpp
c:\users\orzfi\onedrive\设备共享\ee569\homework\1\solution\problem2\problem2.cpp(208): warning C4244: “=”: 从“double”转换到“float”，可能丢失数据
c:\users\orzfi\onedrive\设备共享\ee569\homework\1\solution\problem2\problem2.cpp(254): warning C4244: “=”: 从“double”转换到“float”，可能丢失数据
c:\users\orzfi\onedrive\设备共享\ee569\homework\1\solution\problem2\problem2.cpp(303): warning C4244: “初始化”: 从“double”转换到“float”，可能丢失数据
c:\users\orzfi\onedrive\设备共享\ee569\homework\1\solution\problem2\problem2.cpp(307): warning C4244: “+=”: 从“float”转换到“long”，可能丢失数据
c:\users\orzfi\onedrive\设备共享\ee569\homework\1\solution\problem2\problem2.cpp(393): warning C4244: “=”: 从“int”转换到“float”，可能丢失数据
c:\users\orzfi\onedrive\设备共享\ee569\homework\1\solution\problem2\problem2.cpp(601): warning C4244: “=”: 从“double”转换到“float”，可能丢失数据
c:\users\orzfi\onedrive\设备共享\ee569\homework\1\solution\problem2\problem2.cpp(606): warning C4244: “初始化”: 从“double”转换到“float”，可能丢失数据
c:\users\orzfi\onedrive\设备共享\ee569\homework\1\solution\problem2\problem2.cpp(608): warning C4244: “=”: 从“double”转换到“float”，可能丢失数据
c:\users\orzfi\onedrive\设备共享\ee569\homework\1\solution\problem2\problem2.cpp(881): warning C4244: “初始化”: 从“double”转换到“float”，可能丢失数据
c:\users\orzfi\onedrive\设备共享\ee569\homework\1\solution\problem2\problem2.cpp(898): warning C4244: “初始化”: 从“double”转换到“float”，可能丢失数据
c:\users\orzfi\onedrive\设备共享\ee569\homework\1\solution\problem2\problem2.cpp(899): warning C4244: “初始化”: 从“double”转换到“float”，可能丢失数据
c:\users\orzfi\onedrive\设备共享\ee569\homework\1\solution\problem2\problem2.cpp(918): warning C4244: “初始化”: 从“double”转换到“float”，可能丢失数据
c:\users\orzfi\onedrive\设备共享\ee569\homework\1\solution\problem2\problem2.cpp(919): warning C4244: “初始化”: 从“double”转换到“float”，可能丢失数据
c:\users\orzfi\onedrive\设备共享\ee569\homework\1\solution\problem2\problem2.cpp(936): warning C4244: “初始化”: 从“double”转换到“float”，可能丢失数据
c:\users\orzfi\onedrive\设备共享\ee569\homework\1\solution\problem2\problem2.cpp(986): warning C4244: “初始化”: 从“double”转换到“float”，可能丢失数据
c:\users\orzfi\onedrive\设备共享\ee569\homework\1\solution\problem2\problem2.cpp(1003): warning C4244: “初始化”: 从“double”转换到“float”，可能丢失数据
c:\users\orzfi\onedrive\设备共享\ee569\homework\1\solution\problem2\problem2.cpp(1004): warning C4244: “初始化”: 从“double”转换到“float”，可能丢失数据
c:\users\orzfi\onedrive\设备共享\ee569\homework\1\solution\problem2\problem2.cpp(1021): warning C4244: “初始化”: 从“double”转换到“float”，可能丢失数据
c:\users\orzfi\onedrive\设备共享\ee569\homework\1\solution\problem2\problem2.cpp(1022): warning C4244: “初始化”: 从“double”转换到“float”，可能丢失数据
c:\users\orzfi\onedrive\设备共享\ee569\homework\1\solution\problem2\problem2.cpp(1041): warning C4244: “初始化”: 从“double”转换到“float”，可能丢失数据
c:\users\orzfi\onedrive\设备共享\ee569\homework\1\solution\problem2\problem2.cpp(1042): warning C4244: “初始化”: 从“double”转换到“float”，可能丢失数据
c:\users\orzfi\onedrive\设备共享\ee569\homework\1\solution\problem2\problem2.cpp(1061): warning C4244: “初始化”: 从“double”转换到“float”，可能丢失数据
c:\users\orzfi\onedrive\设备共享\ee569\homework\1\solution\problem2\problem2.cpp(1062): warning C4244: “初始化”: 从“double”转换到“float”，可能丢失数据
  Problem2.vcxproj -> C:\Users\orzfi\OneDrive\设备共享\EE569\Homework\1\Solution\Problem2\x64\Debug\Problem2.exe
